\BOOKMARK [1][-]{section.1}{\376\377\000G\000l\000e\000i\000c\000h\000f\000\366\000r\000m\000i\000g\000e\000\040\000B\000e\000w\000e\000g\000u\000n\000g}{}% 1
\BOOKMARK [2][-]{subsection.1.1}{\376\377\000D\000e\000f\000i\000n\000i\000t\000i\000o\000n\000\040\000u\000n\000d\000\040\000G\000r\000u\000n\000d\000f\000o\000r\000m\000e\000l}{section.1}% 2
\BOOKMARK [2][-]{subsection.1.2}{\376\377\000B\000e\000z\000u\000g\000s\000s\000y\000s\000t\000e\000m}{section.1}% 3
\BOOKMARK [2][-]{subsection.1.3}{\376\377\000E\000i\000n\000h\000e\000i\000t\000e\000n\000u\000m\000r\000e\000c\000h\000n\000u\000n\000g}{section.1}% 4
\BOOKMARK [2][-]{subsection.1.4}{\376\377\000W\000e\000g\000-\000Z\000e\000i\000t\000-\000D\000i\000a\000g\000r\000a\000m\000m\000\040\000\050\000s\000-\000t\000-\000D\000i\000a\000g\000r\000a\000m\000m\000\051}{section.1}% 5
\BOOKMARK [2][-]{subsection.1.5}{\376\377\000G\000e\000s\000c\000h\000w\000i\000n\000d\000i\000g\000k\000e\000i\000t\000-\000Z\000e\000i\000t\000-\000D\000i\000a\000g\000r\000a\000m\000m\000\040\000\050\000v\000-\000t\000-\000D\000i\000a\000g\000r\000a\000m\000m\000\051}{section.1}% 6
\BOOKMARK [2][-]{subsection.1.6}{\376\377\000D\000i\000e\000\040\000F\000l\000\344\000c\000h\000e\000\040\000u\000n\000t\000e\000r\000\040\000d\000e\000m\000\040\000v\000-\000t\000-\000G\000r\000a\000p\000h\000e\000n}{section.1}% 7
\BOOKMARK [1][-]{section.2}{\376\377\000G\000l\000e\000i\000c\000h\000m\000\344\000\337\000i\000g\000\040\000b\000e\000s\000c\000h\000l\000e\000u\000n\000i\000g\000t\000e\000\040\000B\000e\000w\000e\000g\000u\000n\000g}{}% 8
\BOOKMARK [2][-]{subsection.2.1}{\376\377\000D\000e\000f\000i\000n\000i\000t\000i\000o\000n\000\040\000d\000e\000r\000\040\000B\000e\000s\000c\000h\000l\000e\000u\000n\000i\000g\000u\000n\000g}{section.2}% 9
\BOOKMARK [2][-]{subsection.2.2}{\376\377\000D\000i\000e\000\040\000d\000r\000e\000i\000\040\000G\000r\000u\000n\000d\000f\000o\000r\000m\000e\000l\000n}{section.2}% 10
\BOOKMARK [2][-]{subsection.2.3}{\376\377\000D\000i\000a\000g\000r\000a\000m\000m\000e\000\040\000d\000e\000r\000\040\000b\000e\000s\000c\000h\000l\000e\000u\000n\000i\000g\000t\000e\000n\000\040\000B\000e\000w\000e\000g\000u\000n\000g}{section.2}% 11
\BOOKMARK [1][-]{section.3}{\376\377\000Z\000u\000s\000a\000m\000m\000e\000n\000g\000e\000s\000e\000t\000z\000t\000e\000\040\000B\000e\000w\000e\000g\000u\000n\000g\000e\000n}{}% 12
\BOOKMARK [2][-]{subsection.3.1}{\376\377\000P\000r\000i\000n\000z\000i\000p}{section.3}% 13
\BOOKMARK [2][-]{subsection.3.2}{\376\377\000B\000r\000e\000m\000s\000v\000o\000r\000g\000a\000n\000g}{section.3}% 14
\BOOKMARK [2][-]{subsection.3.3}{\376\377\000B\000e\000w\000e\000g\000u\000n\000g\000\040\000m\000i\000t\000\040\000A\000n\000f\000a\000n\000g\000s\000b\000e\000d\000i\000n\000g\000u\000n\000g\000e\000n}{section.3}% 15
\BOOKMARK [2][-]{subsection.3.4}{\376\377\000R\000e\000l\000a\000t\000i\000v\000e\000\040\000G\000e\000s\000c\000h\000w\000i\000n\000d\000i\000g\000k\000e\000i\000t\000e\000n}{section.3}% 16
\BOOKMARK [2][-]{subsection.3.5}{\376\377\000\334\000b\000e\000r\000h\000o\000l\000m\000a\000n\000\366\000v\000e\000r}{section.3}% 17
\BOOKMARK [2][-]{subsection.3.6}{\376\377\000E\000i\000n\000h\000o\000l\000e\000n\000\040\000u\000n\000d\000\040\000B\000e\000g\000e\000g\000n\000u\000n\000g\000\040\040\023\000\040\000D\000r\000e\000i\000\040\000L\000\366\000s\000u\000n\000g\000s\000w\000e\000g\000e\000\040\000i\000m\000\040\000V\000e\000r\000g\000l\000e\000i\000c\000h}{section.3}% 18
\BOOKMARK [2][-]{subsection.3.7}{\376\377\000K\000o\000m\000p\000l\000e\000x\000e\000\040\000B\000e\000w\000e\000g\000u\000n\000g\000s\000a\000b\000l\000\344\000u\000f\000e\000:\000\040\000V\000o\000m\000\040\000v\000-\000t\000-\000D\000i\000a\000g\000r\000a\000m\000m\000\040\000z\000u\000m\000\040\000s\000-\000t\000-\000D\000i\000a\000g\000r\000a\000m\000m}{section.3}% 19
\BOOKMARK [1][-]{section.4}{\376\377\000D\000e\000r\000\040\000f\000r\000e\000i\000e\000\040\000F\000a\000l\000l}{}% 20
\BOOKMARK [2][-]{subsection.4.1}{\376\377\000D\000e\000f\000i\000n\000i\000t\000i\000o\000n}{section.4}% 21
\BOOKMARK [2][-]{subsection.4.2}{\376\377\000F\000a\000l\000l\000b\000e\000s\000c\000h\000l\000e\000u\000n\000i\000g\000u\000n\000g\000\040\000a\000u\000f\000\040\000a\000n\000d\000e\000r\000e\000n\000\040\000H\000i\000m\000m\000e\000l\000s\000k\000\366\000r\000p\000e\000r\000n}{section.4}% 22
\BOOKMARK [2][-]{subsection.4.3}{\376\377\000F\000o\000r\000m\000e\000l\000n\000\040\000d\000e\000s\000\040\000f\000r\000e\000i\000e\000n\000\040\000F\000a\000l\000l\000s}{section.4}% 23
\BOOKMARK [2][-]{subsection.4.4}{\376\377\000W\000e\000r\000t\000e\000t\000a\000b\000e\000l\000l\000e\000\040\000\050\000K\000o\000p\000f\000r\000e\000c\000h\000n\000e\000n\000\040\000m\000i\000t\000\040\000g\000\040\0001\0000\000\040\000m\000/\000s\0002\000\051}{section.4}% 24
\BOOKMARK [2][-]{subsection.4.5}{\376\377\000D\000i\000a\000g\000r\000a\000m\000m\000e\000\040\000d\000e\000s\000\040\000f\000r\000e\000i\000e\000n\000\040\000F\000a\000l\000l\000s}{section.4}% 25
\BOOKMARK [2][-]{subsection.4.6}{\376\377\000A\000n\000w\000e\000n\000d\000u\000n\000g\000:\000\040\000R\000e\000a\000k\000t\000i\000o\000n\000s\000z\000e\000i\000t\000-\000E\000x\000p\000e\000r\000i\000m\000e\000n\000t}{section.4}% 26
\BOOKMARK [2][-]{subsection.4.7}{\376\377\000S\000e\000n\000k\000r\000e\000c\000h\000t\000e\000r\000\040\000W\000u\000r\000f\000\040\000n\000a\000c\000h\000\040\000o\000b\000e\000n}{section.4}% 27
\BOOKMARK [1][-]{section.5}{\376\377\000L\000u\000f\000t\000w\000i\000d\000e\000r\000s\000t\000a\000n\000d\000\040\000u\000n\000d\000\040\000G\000r\000e\000n\000z\000g\000e\000s\000c\000h\000w\000i\000n\000d\000i\000g\000k\000e\000i\000t}{}% 28
\BOOKMARK [2][-]{subsection.5.1}{\376\377\000D\000i\000e\000\040\000L\000u\000f\000t\000w\000i\000d\000e\000r\000s\000t\000a\000n\000d\000s\000k\000r\000a\000f\000t}{section.5}% 29
\BOOKMARK [2][-]{subsection.5.2}{\376\377\000D\000e\000r\000\040\000W\000i\000d\000e\000r\000s\000t\000a\000n\000d\000s\000b\000e\000i\000w\000e\000r\000t\000\040\000c\000W}{section.5}% 30
\BOOKMARK [2][-]{subsection.5.3}{\376\377\000D\000i\000e\000\040\000G\000r\000e\000n\000z\000g\000e\000s\000c\000h\000w\000i\000n\000d\000i\000g\000k\000e\000i\000t}{section.5}% 31
\BOOKMARK [2][-]{subsection.5.4}{\376\377\000M\000e\000d\000i\000e\000n\000v\000e\000r\000g\000l\000e\000i\000c\000h\000:\000\040\000L\000u\000f\000t\000\040\000v\000s\000.\000\040\000W\000a\000s\000s\000e\000r}{section.5}% 32
\BOOKMARK [1][-]{section.6}{\376\377\000F\000o\000r\000m\000e\000l\000s\000a\000m\000m\000l\000u\000n\000g}{}% 33
\BOOKMARK [2][-]{subsection.6.1}{\376\377\000A\000l\000l\000e\000\040\000w\000i\000c\000h\000t\000i\000g\000e\000n\000\040\000F\000o\000r\000m\000e\000l\000n\000\040\000a\000u\000f\000\040\000e\000i\000n\000e\000n\000\040\000B\000l\000i\000c\000k}{section.6}% 34
\BOOKMARK [2][-]{subsection.6.2}{\376\377\000K\000o\000n\000s\000t\000a\000n\000t\000e\000n\000\040\000u\000n\000d\000\040\000U\000m\000r\000e\000c\000h\000n\000u\000n\000g\000e\000n}{section.6}% 35
\BOOKMARK [2][-]{subsection.6.3}{\376\377\000K\000o\000p\000f\000r\000e\000c\000h\000e\000n\000b\000a\000r\000e\000\040\000W\000e\000r\000t\000e}{section.6}% 36
\BOOKMARK [1][-]{section.7}{\376\377\000\334\000b\000u\000n\000g\000s\000a\000u\000f\000g\000a\000b\000e\000n\000\040\000m\000i\000t\000\040\000L\000\366\000s\000u\000n\000g\000e\000n}{}% 37
\BOOKMARK [1][-]{section.8}{\376\377\000S\000e\000l\000b\000s\000t\000t\000e\000s\000t\000:\000\040\000H\000a\000b\000e\000\040\000i\000c\000h\000\040\000a\000l\000l\000e\000s\000\040\000v\000e\000r\000s\000t\000a\000n\000d\000e\000n\000?}{}% 38
\BOOKMARK [2][-]{subsection.8.1}{\376\377\000L\000\374\000c\000k\000e\000n\000t\000e\000x\000t\000\040\040\023\000\040\000F\000\374\000l\000l\000e\000\040\000d\000i\000e\000\040\000L\000\374\000c\000k\000e\000n\000\040\000a\000u\000s\000!}{section.8}% 39
\BOOKMARK [2][-]{subsection.8.2}{\376\377\000Q\000u\000i\000c\000k\000-\000C\000h\000e\000c\000k\000:\000\040\000R\000i\000c\000h\000t\000i\000g\000\040\000o\000d\000e\000r\000\040\000F\000a\000l\000s\000c\000h\000?}{section.8}% 40
\BOOKMARK [1][-]{section.9}{\376\377\000D\000i\000f\000f\000e\000r\000e\000n\000z\000i\000e\000r\000t\000e\000\040\000\334\000b\000u\000n\000g\000s\000a\000u\000f\000g\000a\000b\000e\000n}{}% 41
\BOOKMARK [1][-]{section.10}{\376\377\000C\000h\000e\000c\000k\000l\000i\000s\000t\000e\000\040\000z\000u\000r\000\040\000K\000l\000a\000u\000s\000u\000r\000v\000o\000r\000b\000e\000r\000e\000i\000t\000u\000n\000g}{}% 42
