\BOOKMARK [1][-]{section.1}{\376\377\000B\000e\000d\000i\000n\000g\000u\000n\000g\000s\000a\000n\000a\000l\000y\000s\000e}{}% 1
\BOOKMARK [2][-]{subsection.1.1}{\376\377\000Z\000i\000e\000l\000g\000r\000u\000p\000p\000e}{section.1}% 2
\BOOKMARK [2][-]{subsection.1.2}{\376\377\000B\000e\000s\000o\000n\000d\000e\000r\000e\000\040\000A\000n\000f\000o\000r\000d\000e\000r\000u\000n\000g\000e\000n}{section.1}% 3
\BOOKMARK [2][-]{subsection.1.3}{\376\377\000L\000e\000r\000n\000u\000m\000g\000e\000b\000u\000n\000g}{section.1}% 4
\BOOKMARK [1][-]{section.2}{\376\377\000S\000a\000c\000h\000a\000n\000a\000l\000y\000s\000e}{}% 5
\BOOKMARK [2][-]{subsection.2.1}{\376\377\000K\000e\000r\000n\000k\000o\000n\000z\000e\000p\000t\000e\000\040\000d\000e\000r\000\040\000E\000i\000n\000h\000e\000i\000t}{section.2}% 6
\BOOKMARK [2][-]{subsection.2.2}{\376\377\000A\000l\000l\000t\000a\000g\000s\000a\000n\000a\000l\000o\000g\000i\000e\000n}{section.2}% 7
\BOOKMARK [2][-]{subsection.2.3}{\376\377\000T\000y\000p\000i\000s\000c\000h\000e\000\040\000M\000i\000s\000s\000v\000e\000r\000s\000t\000\344\000n\000d\000n\000i\000s\000s\000e}{section.2}% 8
\BOOKMARK [1][-]{section.3}{\376\377\000D\000i\000d\000a\000k\000t\000i\000s\000c\000h\000e\000\040\000A\000n\000a\000l\000y\000s\000e}{}% 9
\BOOKMARK [2][-]{subsection.3.1}{\376\377\000S\000t\000e\000l\000l\000u\000n\000g\000\040\000i\000n\000\040\000d\000e\000r\000\040\000G\000e\000s\000a\000m\000t\000r\000e\000i\000h\000e}{section.3}% 10
\BOOKMARK [2][-]{subsection.3.2}{\376\377\000L\000e\000g\000i\000t\000i\000m\000a\000t\000i\000o\000n}{section.3}% 11
\BOOKMARK [2][-]{subsection.3.3}{\376\377\000D\000i\000d\000a\000k\000t\000i\000s\000c\000h\000e\000\040\000R\000e\000d\000u\000k\000t\000i\000o\000n}{section.3}% 12
\BOOKMARK [1][-]{section.4}{\376\377\000L\000e\000r\000n\000z\000i\000e\000l\000e}{}% 13
\BOOKMARK [2][-]{subsection.4.1}{\376\377\000G\000r\000o\000b\000z\000i\000e\000l}{section.4}% 14
\BOOKMARK [2][-]{subsection.4.2}{\376\377\000F\000e\000i\000n\000z\000i\000e\000l\000e}{section.4}% 15
\BOOKMARK [1][-]{section.5}{\376\377\000M\000e\000t\000h\000o\000d\000i\000s\000c\000h\000e\000\040\000A\000n\000a\000l\000y\000s\000e}{}% 16
\BOOKMARK [2][-]{subsection.5.1}{\376\377\000M\000e\000t\000h\000o\000d\000i\000s\000c\000h\000e\000\040\000G\000r\000u\000n\000d\000s\000\344\000t\000z\000e}{section.5}% 17
\BOOKMARK [2][-]{subsection.5.2}{\376\377\000S\000o\000z\000i\000a\000l\000f\000o\000r\000m\000e\000n}{section.5}% 18
\BOOKMARK [2][-]{subsection.5.3}{\376\377\000M\000a\000t\000e\000r\000i\000a\000l\000i\000e\000n}{section.5}% 19
\BOOKMARK [2][-]{subsection.5.4}{\376\377\000D\000i\000f\000f\000e\000r\000e\000n\000z\000i\000e\000r\000u\000n\000g}{section.5}% 20
\BOOKMARK [1][-]{section.6}{\376\377\000V\000e\000r\000l\000a\000u\000f\000s\000p\000l\000a\000n\000u\000n\000g}{}% 21
\BOOKMARK [1][-]{section.7}{\376\377\000A\000n\000l\000a\000g\000e\000n}{}% 22
\BOOKMARK [1][-]{section.8}{\376\377\000L\000\366\000s\000u\000n\000g\000e\000n}{}% 23
\BOOKMARK [2][-]{subsection.8.1}{\376\377\000T\000e\000i\000l\000\040\000A\000:\000\040\000Z\000u\000o\000r\000d\000n\000u\000n\000g}{section.8}% 24
\BOOKMARK [2][-]{subsection.8.2}{\376\377\000T\000e\000i\000l\000\040\000B\000:\000\040\000R\000i\000c\000h\000t\000i\000g\000\040\000o\000d\000e\000r\000\040\000F\000a\000l\000s\000c\000h}{section.8}% 25
\BOOKMARK [2][-]{subsection.8.3}{\376\377\000T\000e\000i\000l\000\040\000C\000:\000\040\000S\000i\000t\000u\000a\000t\000i\000o\000n\000e\000n\000\040\000\050\000E\000r\000w\000a\000r\000t\000e\000t\000e\000\040\000A\000n\000t\000w\000o\000r\000t\000e\000n\000\051}{section.8}% 26
\BOOKMARK [1][-]{section.9}{\376\377\000L\000i\000t\000e\000r\000a\000t\000u\000r}{}% 27
\BOOKMARK [1][-]{section.10}{\376\377\000D\000i\000d\000a\000k\000t\000i\000k\000-\000S\000c\000o\000r\000e}{}% 28
\BOOKMARK [2][-]{subsection.10.1}{\376\377\000V\000e\000r\000b\000e\000s\000s\000e\000r\000u\000n\000g\000s\000m\000a\000\337\000n\000a\000h\000m\000e\000n\000\040\000\050\000o\000p\000t\000i\000o\000n\000a\000l\000\051}{section.10}% 29
