\BOOKMARK [0][-]{part*.1}{\376\377\000T\000e\000i\000l\000\040\000I\000:\000\040\000\334\000b\000e\000r\000s\000i\000c\000h\000t\000\040\000u\000n\000d\000\040\000S\000t\000r\000u\000k\000t\000u\000r}{}% 1
\BOOKMARK [1][-]{section.1}{\376\377\000S\000t\000u\000n\000d\000e\000n\000v\000e\000r\000t\000e\000i\000l\000u\000n\000g}{part*.1}% 2
\BOOKMARK [2][-]{subsection.1.1}{\376\377\000S\000e\000k\000u\000n\000d\000a\000r\000s\000t\000u\000f\000e\000\040\000I\000\040\000\050\000K\000l\000a\000s\000s\000e\000n\000\040\0007\040\023\0001\0000\000\051}{section.1}% 3
\BOOKMARK [2][-]{subsection.1.2}{\376\377\000S\000e\000k\000u\000n\000d\000a\000r\000s\000t\000u\000f\000e\000\040\000I\000I\000\040\000\050\000Q\000u\000a\000l\000i\000f\000i\000k\000a\000t\000i\000o\000n\000s\000p\000h\000a\000s\000e\000\051}{section.1}% 4
\BOOKMARK [1][-]{section.2}{\376\377\000K\000o\000m\000p\000e\000t\000e\000n\000z\000b\000e\000r\000e\000i\000c\000h\000e}{part*.1}% 5
\BOOKMARK [0][-]{part*.2}{\376\377\000T\000e\000i\000l\000\040\000I\000I\000:\000\040\000S\000e\000k\000u\000n\000d\000a\000r\000s\000t\000u\000f\000e\000\040\000I}{}% 6
\BOOKMARK [1][-]{section.3}{\376\377\000K\000l\000a\000s\000s\000e\000\040\0007\000\040\000\050\0006\0000\000\040\000U\000S\000t\000\051}{part*.2}% 7
\BOOKMARK [2][-]{subsection.3.1}{\376\377\000M\000a\000t\000e\000r\000i\000e\000\040\040\023\000\040\000D\000i\000c\000h\000t\000e\000\040\000\050\0008\000\040\000U\000S\000t\000\051}{section.3}% 8
\BOOKMARK [2][-]{subsection.3.2}{\376\377\000W\000e\000c\000h\000s\000e\000l\000w\000i\000r\000k\000u\000n\000g\000\040\040\023\000\040\000K\000r\000\344\000f\000t\000e\000\040\000\050\0001\0008\000\040\000U\000S\000t\000\051}{section.3}% 9
\BOOKMARK [2][-]{subsection.3.3}{\376\377\000E\000n\000e\000r\000g\000i\000e\000\040\040\023\000\040\000A\000r\000b\000e\000i\000t\000,\000\040\000L\000e\000i\000s\000t\000u\000n\000g\000,\000\040\000W\000i\000r\000k\000u\000n\000g\000s\000g\000r\000a\000d\000\040\000\050\0002\0000\000\040\000U\000S\000t\000\051}{section.3}% 10
\BOOKMARK [2][-]{subsection.3.4}{\376\377\000K\000r\000a\000f\000t\000u\000m\000f\000o\000r\000m\000e\000n\000d\000e\000\040\000E\000i\000n\000r\000i\000c\000h\000t\000u\000n\000g\000e\000n\000\040\000\050\0008\000\040\000U\000S\000t\000\051}{section.3}% 11
\BOOKMARK [1][-]{section.4}{\376\377\000K\000l\000a\000s\000s\000e\000\040\0008\000\040\000\050\0006\0000\000\040\000U\000S\000t\000\051}{part*.2}% 12
\BOOKMARK [2][-]{subsection.4.1}{\376\377\000W\000e\000c\000h\000s\000e\000l\000w\000i\000r\000k\000u\000n\000g\000\040\040\023\000\040\000L\000i\000c\000h\000t\000\040\000\050\0001\0000\000\040\000U\000S\000t\000\051}{section.4}% 13
\BOOKMARK [2][-]{subsection.4.2}{\376\377\000M\000a\000t\000e\000r\000i\000e\000\040\040\023\000\040\000E\000l\000e\000k\000t\000r\000i\000s\000c\000h\000e\000\040\000L\000a\000d\000u\000n\000g\000\040\000\050\0001\0000\000\040\000U\000S\000t\000\051}{section.4}% 14
\BOOKMARK [2][-]{subsection.4.3}{\376\377\000S\000y\000s\000t\000e\000m\000\040\040\023\000\040\000S\000t\000r\000o\000m\000k\000r\000e\000i\000s\000e\000\040\000\050\0001\0002\000\040\000U\000S\000t\000\051}{section.4}% 15
\BOOKMARK [2][-]{subsection.4.4}{\376\377\000E\000n\000e\000r\000g\000i\000e\000\040\040\023\000\040\000T\000e\000m\000p\000e\000r\000a\000t\000u\000r\000\040\000u\000n\000d\000\040\000W\000\344\000r\000m\000e\000\040\000\050\0002\0004\000\040\000U\000S\000t\000\051}{section.4}% 16
\BOOKMARK [1][-]{section.5}{\376\377\000K\000l\000a\000s\000s\000e\000\040\0009\000\040\000\050\0003\0000\000\040\000U\000S\000t\000\051}{part*.2}% 17
\BOOKMARK [2][-]{subsection.5.1}{\376\377\000W\000e\000c\000h\000s\000e\000l\000w\000i\000r\000k\000u\000n\000g\000\040\040\023\000\040\000M\000a\000g\000n\000e\000t\000i\000s\000m\000u\000s\000\040\000\050\0008\000\040\000U\000S\000t\000\051}{section.5}% 18
\BOOKMARK [2][-]{subsection.5.2}{\376\377\000E\000n\000e\000r\000g\000i\000e\000\040\040\023\000\040\000M\000o\000t\000o\000r\000\040\000u\000n\000d\000\040\000I\000n\000d\000u\000k\000t\000i\000o\000n\000\040\000\050\0008\000\040\000U\000S\000t\000\051}{section.5}% 19
\BOOKMARK [2][-]{subsection.5.3}{\376\377\000B\000e\000w\000e\000g\000u\000n\000g\000e\000n\000\040\040\023\000\040\000G\000l\000e\000i\000c\000h\000f\000\366\000r\000m\000i\000g\000\040\000\050\0006\000\040\000U\000S\000t\000\051}{section.5}% 20
\BOOKMARK [2][-]{subsection.5.4}{\376\377\000K\000o\000n\000t\000e\000x\000t\000\040\040\023\000\040\000M\000i\000t\000\040\000d\000e\000m\000\040\000E\000-\000B\000i\000k\000e\000\040\000u\000n\000t\000e\000r\000w\000e\000g\000s\000\040\000\050\0008\000\040\000U\000S\000t\000\051}{section.5}% 21
\BOOKMARK [1][-]{section.6}{\376\377\000K\000l\000a\000s\000s\000e\000\040\0001\0000\000\040\000\050\0006\0000\000\040\000U\000S\000t\000\051}{part*.2}% 22
\BOOKMARK [2][-]{subsection.6.1}{\376\377\000G\000l\000e\000i\000c\000h\000m\000\344\000\337\000i\000g\000\040\000b\000e\000s\000c\000h\000l\000e\000u\000n\000i\000g\000t\000e\000\040\000B\000e\000w\000e\000g\000u\000n\000g\000\040\000\050\0001\0008\000\040\000U\000S\000t\000\051}{section.6}% 23
\BOOKMARK [2][-]{subsection.6.2}{\376\377\000I\000m\000p\000u\000l\000s\000\040\000u\000n\000d\000\040\000K\000r\000a\000f\000t\000\040\000\050\0001\0002\000\040\000U\000S\000t\000\051}{section.6}% 24
\BOOKMARK [2][-]{subsection.6.3}{\376\377\000M\000e\000c\000h\000a\000n\000i\000s\000c\000h\000e\000\040\000S\000c\000h\000w\000i\000n\000g\000u\000n\000g\000e\000n\000\040\000\050\0001\0002\000\040\000U\000S\000t\000\051}{section.6}% 25
\BOOKMARK [2][-]{subsection.6.4}{\376\377\000M\000e\000c\000h\000a\000n\000i\000s\000c\000h\000e\000\040\000W\000e\000l\000l\000e\000n\000\040\000\050\0001\0000\000\040\000U\000S\000t\000\051}{section.6}% 26
\BOOKMARK [2][-]{subsection.6.5}{\376\377\000A\000t\000o\000m\000-\000\040\000u\000n\000d\000\040\000K\000e\000r\000n\000p\000h\000y\000s\000i\000k\000\040\000\050\0008\000\040\000U\000S\000t\000\051}{section.6}% 27
\BOOKMARK [0][-]{part*.3}{\376\377\000T\000e\000i\000l\000\040\000I\000I\000I\000:\000\040\000S\000e\000k\000u\000n\000d\000a\000r\000s\000t\000u\000f\000e\000\040\000I\000I}{}% 28
\BOOKMARK [1][-]{section.7}{\376\377\000Q\0001\000:\000\040\000E\000l\000e\000k\000t\000r\000i\000s\000c\000h\000e\000s\000\040\000u\000n\000d\000\040\000m\000a\000g\000n\000e\000t\000i\000s\000c\000h\000e\000s\000\040\000F\000e\000l\000d}{part*.3}% 29
\BOOKMARK [1][-]{section.8}{\376\377\000Q\0002\000:\000\040\000S\000c\000h\000w\000i\000n\000g\000u\000n\000g\000e\000n\000\040\000u\000n\000d\000\040\000W\000e\000l\000l\000e\000n}{part*.3}% 30
\BOOKMARK [1][-]{section.9}{\376\377\000Q\0003\000:\000\040\000Q\000u\000a\000n\000t\000e\000n\000p\000h\000y\000s\000i\000k}{part*.3}% 31
\BOOKMARK [1][-]{section.10}{\376\377\000Q\0004\000:\000\040\000S\000p\000e\000z\000i\000e\000l\000l\000e\000\040\000R\000e\000l\000a\000t\000i\000v\000i\000t\000\344\000t\000s\000t\000h\000e\000o\000r\000i\000e\000\040\000[\000L\000K\000]}{part*.3}% 32
\BOOKMARK [0][-]{part*.4}{\376\377\000T\000e\000i\000l\000\040\000I\000V\000:\000\040\000O\000p\000e\000r\000a\000t\000o\000r\000e\000n\000\040\000u\000n\000d\000\040\000B\000e\000w\000e\000r\000t\000u\000n\000g}{}% 33
\BOOKMARK [1][-]{section.11}{\376\377\000A\000n\000f\000o\000r\000d\000e\000r\000u\000n\000g\000s\000b\000e\000r\000e\000i\000c\000h\000e\000\040\000\050\000A\000F\000B\000\051}{part*.4}% 34
\BOOKMARK [1][-]{section.12}{\376\377\000O\000p\000e\000r\000a\000t\000o\000r\000e\000n}{part*.4}% 35
\BOOKMARK [1][-]{section.13}{\376\377\000B\000e\000w\000e\000r\000t\000u\000n\000g\000\040\000\050\0001\0005\000-\000N\000P\000-\000S\000k\000a\000l\000a\000\040\000S\000e\000k\000\040\000I\000I\000\051}{part*.4}% 36
\BOOKMARK [0][-]{part*.5}{\376\377\000T\000e\000i\000l\000\040\000V\000:\000\040\000K\000o\000n\000s\000t\000a\000n\000t\000e\000n\000\040\000u\000n\000d\000\040\000F\000o\000r\000m\000e\000l\000n}{}% 37
\BOOKMARK [1][-]{section.14}{\376\377\000P\000h\000y\000s\000i\000k\000a\000l\000i\000s\000c\000h\000e\000\040\000K\000o\000n\000s\000t\000a\000n\000t\000e\000n}{part*.5}% 38
\BOOKMARK [1][-]{section.15}{\376\377\000K\000o\000p\000f\000r\000e\000c\000h\000e\000n\000b\000a\000r\000e\000\040\000W\000e\000r\000t\000e}{part*.5}% 39
\BOOKMARK [0][-]{part*.6}{\376\377\000T\000e\000i\000l\000\040\000V\000I\000:\000\040\000E\000x\000a\000m\000e\000n\000s\000h\000i\000n\000w\000e\000i\000s\000e}{}% 40
\BOOKMARK [1][-]{section.16}{\376\377\000B\000e\000i\000s\000p\000i\000e\000l\000a\000n\000t\000w\000o\000r\000t\000e\000n}{part*.6}% 41
\BOOKMARK [0][-]{part*.7}{\376\377\000T\000e\000i\000l\000\040\000V\000I\000I\000:\000\040\000C\000h\000e\000c\000k\000l\000i\000s\000t\000e\000n}{}% 42
\BOOKMARK [1][-]{section.17}{\376\377\000T\000h\000e\000m\000e\000n\000-\000C\000h\000e\000c\000k\000l\000i\000s\000t\000e\000:\000\040\000S\000o\000l\000l\000\040\000u\000n\000d\000\040\000O\000p\000t\000i\000o\000n\000a\000l}{part*.7}% 43
\BOOKMARK [2][-]{subsection.17.1}{\376\377\000S\000e\000k\000u\000n\000d\000a\000r\000s\000t\000u\000f\000e\000\040\000I}{section.17}% 44
\BOOKMARK [2][-]{subsection.17.2}{\376\377\000S\000e\000k\000u\000n\000d\000a\000r\000s\000t\000u\000f\000e\000\040\000I\000I\000\040\000\050\000Q\000u\000a\000l\000i\000f\000i\000k\000a\000t\000i\000o\000n\000s\000p\000h\000a\000s\000e\000\051}{section.17}% 45
\BOOKMARK [1][-]{subsection.17.2}{\376\377\000Q\000u\000i\000c\000k\000-\000R\000e\000f\000e\000r\000e\000n\000c\000e\000\040\000\050\0001\000\040\000S\000e\000i\000t\000e\000\051}{part*.7}% 46
