\BOOKMARK [1][-]{section.1}{\376\377\000B\000e\000d\000i\000n\000g\000u\000n\000g\000s\000a\000n\000a\000l\000y\000s\000e}{}% 1
\BOOKMARK [2][-]{subsection.1.1}{\376\377\000L\000e\000r\000n\000g\000r\000u\000p\000p\000e}{section.1}% 2
\BOOKMARK [2][-]{subsection.1.2}{\376\377\000V\000o\000r\000k\000e\000n\000n\000t\000n\000i\000s\000s\000e}{section.1}% 3
\BOOKMARK [2][-]{subsection.1.3}{\376\377\000D\000i\000f\000f\000e\000r\000e\000n\000z\000i\000e\000r\000u\000n\000g\000\040\000\050\000i\000n\000t\000e\000r\000n\000\051}{section.1}% 4
\BOOKMARK [2][-]{subsection.1.4}{\376\377\000B\000e\000s\000o\000n\000d\000e\000r\000h\000e\000i\000t\000e\000n}{section.1}% 5
\BOOKMARK [1][-]{section.2}{\376\377\000S\000a\000c\000h\000a\000n\000a\000l\000y\000s\000e}{}% 6
\BOOKMARK [2][-]{subsection.2.1}{\376\377\000S\000p\000r\000a\000c\000h\000l\000i\000c\000h\000e\000\040\000S\000t\000r\000u\000k\000t\000u\000r\000e\000n}{section.2}% 7
\BOOKMARK [3][-]{subsubsection.2.1.1}{\376\377\000W\000o\000r\000t\000s\000c\000h\000a\000t\000z\000:\000\040\000K\000l\000e\000i\000d\000u\000n\000g\000\040\000\050\000l\000a\000\040\000r\000o\000p\000a\000\051}{subsection.2.1}% 8
\BOOKMARK [3][-]{subsubsection.2.1.2}{\376\377\000G\000r\000a\000m\000m\000a\000t\000i\000k\000:\000\040\000W\000i\000e\000d\000e\000r\000h\000o\000l\000u\000n\000g}{subsection.2.1}% 9
\BOOKMARK [2][-]{subsection.2.2}{\376\377\000K\000o\000n\000t\000r\000a\000s\000t\000i\000v\000e\000\040\000B\000e\000t\000r\000a\000c\000h\000t\000u\000n\000g\000\040\000\050\000D\000e\000u\000t\000s\000c\000h\000\040\000\040\000S\000p\000a\000n\000i\000s\000c\000h\000\051}{section.2}% 10
\BOOKMARK [2][-]{subsection.2.3}{\376\377\000K\000u\000l\000t\000u\000r\000e\000l\000l\000e\000\040\000A\000s\000p\000e\000k\000t\000e}{section.2}% 11
\BOOKMARK [1][-]{section.3}{\376\377\000D\000i\000d\000a\000k\000t\000i\000s\000c\000h\000e\000\040\000A\000n\000a\000l\000y\000s\000e}{}% 12
\BOOKMARK [2][-]{subsection.3.1}{\376\377\000S\000t\000e\000l\000l\000u\000n\000g\000\040\000i\000n\000\040\000d\000e\000r\000\040\000S\000e\000q\000u\000e\000n\000z}{section.3}% 13
\BOOKMARK [2][-]{subsection.3.2}{\376\377\000K\000o\000m\000p\000e\000t\000e\000n\000z\000z\000i\000e\000l\000e\000\040\000\050\000R\000a\000h\000m\000e\000n\000p\000l\000a\000n\000\040\000M\000V\000\051}{section.3}% 14
\BOOKMARK [2][-]{subsection.3.3}{\376\377\000L\000e\000g\000i\000t\000i\000m\000a\000t\000i\000o\000n}{section.3}% 15
\BOOKMARK [1][-]{section.4}{\376\377\000S\000t\000u\000n\000d\000e\000n\000z\000i\000e\000l\000e}{}% 16
\BOOKMARK [2][-]{subsection.4.1}{\376\377\000G\000r\000o\000b\000z\000i\000e\000l}{section.4}% 17
\BOOKMARK [2][-]{subsection.4.2}{\376\377\000F\000e\000i\000n\000z\000i\000e\000l\000e\000\040\000\050\000o\000p\000e\000r\000a\000t\000i\000o\000n\000a\000l\000i\000s\000i\000e\000r\000t\000\051}{section.4}% 18
\BOOKMARK [1][-]{section.5}{\376\377\000M\000e\000t\000h\000o\000d\000i\000s\000c\000h\000e\000\040\000A\000n\000a\000l\000y\000s\000e}{}% 19
\BOOKMARK [2][-]{subsection.5.1}{\376\377\000P\000h\000a\000s\000i\000e\000r\000u\000n\000g\000\040\000\050\000D\000o\000p\000p\000e\000l\000s\000t\000u\000n\000d\000e\000\040\000=\000\040\0002\000\040\000\327\000\040\0004\0005\000\040\000M\000i\000n\000.\000\051}{section.5}% 20
\BOOKMARK [2][-]{subsection.5.2}{\376\377\000M\000e\000d\000i\000e\000n}{section.5}% 21
\BOOKMARK [2][-]{subsection.5.3}{\376\377\000S\000o\000z\000i\000a\000l\000f\000o\000r\000m\000e\000n}{section.5}% 22
\BOOKMARK [1][-]{section.6}{\376\377\000V\000e\000r\000l\000a\000u\000f\000s\000p\000l\000a\000n\000u\000n\000g}{}% 23
\BOOKMARK [1][-]{section.7}{\376\377\000E\000r\000w\000a\000r\000t\000e\000t\000e\000\040\000S\000c\000h\000w\000i\000e\000r\000i\000g\000k\000e\000i\000t\000e\000n}{}% 24
\BOOKMARK [1][-]{section.8}{\376\377\000H\000a\000u\000s\000a\000u\000f\000g\000a\000b\000e}{}% 25
\BOOKMARK [1][-]{section.9}{\376\377\000A\000n\000l\000a\000g\000e\000n}{}% 26
\BOOKMARK [1][-]{section.10}{\376\377\000D\000i\000d\000a\000k\000t\000i\000k\000-\000S\000c\000o\000r\000e}{}% 27
