\BOOKMARK [1][-]{section.1}{\376\377\000\334\000b\000e\000r\000s\000i\000c\000h\000t\000:\000\040\000Z\000w\000e\000i\000\040\000P\000r\000\374\000f\000u\000n\000g\000s\000f\000o\000r\000m\000a\000t\000e}{}% 1
\BOOKMARK [0][-]{part*.1}{\376\377\000T\000e\000i\000l\000\040\000A\000:\000\040\000K\000o\000m\000p\000l\000e\000x\000e\000\040\000L\000e\000i\000s\000t\000u\000n\000g\000s\000e\000r\000m\000i\000t\000t\000l\000u\000n\000g\000\040\000S\000p\000r\000e\000c\000h\000e\000n}{}% 2
\BOOKMARK [1][-]{section.2}{\376\377\000R\000e\000c\000h\000t\000l\000i\000c\000h\000e\000\040\000G\000r\000u\000n\000d\000l\000a\000g\000e\000n}{part*.1}% 3
\BOOKMARK [2][-]{subsection.2.1}{\376\377\000W\000a\000n\000n\000\040\000w\000i\000r\000d\000\040\000d\000i\000e\000\040\000K\000L\000E\000\040\000d\000u\000r\000c\000h\000g\000e\000f\000\374\000h\000r\000t\000?}{section.2}% 4
\BOOKMARK [1][-]{section.3}{\376\377\000P\000r\000\374\000f\000u\000n\000g\000s\000f\000o\000r\000m\000a\000t\000\040\000K\000L\000E\000\040\000\050\0002\0000\000\040\000M\000i\000n\000u\000t\000e\000n\000\051}{part*.1}% 5
\BOOKMARK [1][-]{section.4}{\376\377\000Z\000i\000e\000l\000n\000i\000v\000e\000a\000u\000s\000\040\000n\000a\000c\000h\000\040\000G\000E\000R}{part*.1}% 6
\BOOKMARK [1][-]{section.5}{\376\377\000B\000e\000w\000e\000r\000t\000u\000n\000g\000s\000k\000r\000i\000t\000e\000r\000i\000e\000n}{part*.1}% 7
\BOOKMARK [2][-]{subsection.5.1}{\376\377\000T\000o\000l\000e\000r\000i\000e\000r\000t\000e\000\040\000B\000e\000s\000o\000n\000d\000e\000r\000h\000e\000i\000t\000e\000n\000\040\000m\000\374\000n\000d\000l\000i\000c\000h\000e\000r\000\040\000K\000o\000m\000m\000u\000n\000i\000k\000a\000t\000i\000o\000n}{section.5}% 8
\BOOKMARK [1][-]{section.6}{\376\377\000B\000e\000w\000e\000r\000t\000u\000n\000g\000s\000b\000\366\000g\000e\000n\000\040\000\050\000R\000E\000C\000H\000T\000L\000I\000C\000H\000\040\000V\000E\000R\000B\000I\000N\000D\000L\000I\000C\000H\000!\000\051}{part*.1}% 9
\BOOKMARK [2][-]{subsection.6.1}{\376\377\000W\000i\000e\000\040\000e\000r\000h\000a\000l\000t\000e\000\040\000i\000c\000h\000\040\000d\000i\000e\000\040\000B\000e\000w\000e\000r\000t\000u\000n\000g\000s\000b\000\366\000g\000e\000n\000?}{section.6}% 10
\BOOKMARK [3][-]{subsubsection.6.1.1}{\376\377\000S\000t\000r\000u\000k\000t\000u\000r\000\040\000d\000e\000r\000\040\000B\000e\000w\000e\000r\000t\000u\000n\000g\000s\000b\000\366\000g\000e\000n}{subsection.6.1}% 11
\BOOKMARK [3][-]{subsubsection.6.1.2}{\376\377\000B\000e\000w\000e\000r\000t\000u\000n\000g\000s\000k\000a\000t\000e\000g\000o\000r\000i\000e\000n\000\040\000\050\000B\000e\000i\000s\000p\000i\000e\000l\000\040\000B\0002\000\051}{subsection.6.1}% 12
\BOOKMARK [1][-]{section.7}{\376\377\000O\000r\000g\000a\000n\000i\000s\000a\000t\000i\000o\000n}{part*.1}% 13
\BOOKMARK [2][-]{subsection.7.1}{\376\377\000P\000r\000\374\000f\000u\000n\000g\000s\000a\000u\000s\000s\000c\000h\000u\000s\000s}{section.7}% 14
\BOOKMARK [2][-]{subsection.7.2}{\376\377\000T\000a\000n\000d\000e\000m\000-\000Z\000u\000s\000a\000m\000m\000e\000n\000s\000t\000e\000l\000l\000u\000n\000g}{section.7}% 15
\BOOKMARK [2][-]{subsection.7.3}{\376\377\000Z\000e\000i\000t\000p\000l\000a\000n\000u\000n\000g\000\040\000\050\000B\000e\000i\000s\000p\000i\000e\000l\000\051}{section.7}% 16
\BOOKMARK [2][-]{subsection.7.4}{\376\377\000S\000o\000n\000d\000e\000r\000f\000a\000l\000l\000:\000\040\000A\000u\000d\000i\000o\000g\000r\000a\000p\000h\000i\000e}{section.7}% 17
\BOOKMARK [0][-]{part*.2}{\376\377\000T\000e\000i\000l\000\040\000B\000:\000\040\000A\000b\000i\000t\000u\000r\000-\000P\000a\000a\000r\000p\000r\000\374\000f\000u\000n\000g}{}% 18
\BOOKMARK [1][-]{section.8}{\376\377\000R\000e\000c\000h\000t\000l\000i\000c\000h\000e\000\040\000G\000r\000u\000n\000d\000l\000a\000g\000e\000n}{part*.2}% 19
\BOOKMARK [1][-]{section.9}{\376\377\000Z\000w\000e\000i\000\040\000V\000a\000r\000i\000a\000n\000t\000e\000n}{part*.2}% 20
\BOOKMARK [1][-]{section.10}{\376\377\000P\000r\000\374\000f\000u\000n\000g\000s\000f\000o\000r\000m\000a\000t\000\040\000\050\000m\000a\000x\000.\000\040\0003\0000\000\040\000M\000i\000n\000u\000t\000e\000n\000\051}{part*.2}% 21
\BOOKMARK [1][-]{section.11}{\376\377\000W\000e\000s\000e\000n\000t\000l\000i\000c\000h\000e\000\040\000U\000n\000t\000e\000r\000s\000c\000h\000i\000e\000d\000e\000\040\000z\000u\000r\000\040\000K\000L\000E}{part*.2}% 22
\BOOKMARK [1][-]{section.12}{\376\377\000A\000u\000f\000g\000a\000b\000e\000n\000e\000r\000s\000t\000e\000l\000l\000u\000n\000g\000\040\000A\000b\000i\000t\000u\000r}{part*.2}% 23
\BOOKMARK [1][-]{section.13}{\376\377\000B\000e\000k\000a\000n\000n\000t\000g\000a\000b\000e\000\040\000d\000e\000r\000\040\000E\000r\000g\000e\000b\000n\000i\000s\000s\000e}{part*.2}% 24
\BOOKMARK [0][-]{part*.3}{\376\377\000T\000e\000i\000l\000\040\000C\000:\000\040\000C\000h\000e\000c\000k\000l\000i\000s\000t\000e\000n}{}% 25
\BOOKMARK [1][-]{section.14}{\376\377\000C\000h\000e\000c\000k\000l\000i\000s\000t\000e\000:\000\040\000K\000L\000E\000\040\000v\000o\000r\000b\000e\000r\000e\000i\000t\000e\000n}{part*.3}% 26
\BOOKMARK [2][-]{subsection.14.1}{\376\377\000P\000l\000a\000n\000u\000n\000g\000\040\000\050\000m\000e\000h\000r\000e\000r\000e\000\040\000W\000o\000c\000h\000e\000n\000\040\000v\000o\000r\000h\000e\000r\000\051}{section.14}% 27
\BOOKMARK [2][-]{subsection.14.2}{\376\377\000A\000u\000f\000g\000a\000b\000e\000n\000e\000r\000s\000t\000e\000l\000l\000u\000n\000g\000\040\000\050\0002\040\023\0003\000\040\000W\000o\000c\000h\000e\000n\000\040\000v\000o\000r\000h\000e\000r\000\051}{section.14}% 28
\BOOKMARK [2][-]{subsection.14.3}{\376\377\000O\000r\000g\000a\000n\000i\000s\000a\000t\000i\000o\000n\000\040\000\050\0001\000\040\000W\000o\000c\000h\000e\000\040\000v\000o\000r\000h\000e\000r\000\051}{section.14}% 29
\BOOKMARK [2][-]{subsection.14.4}{\376\377\000K\000u\000r\000z\000\040\000v\000o\000r\000h\000e\000r}{section.14}% 30
\BOOKMARK [2][-]{subsection.14.5}{\376\377\000A\000m\000\040\000P\000r\000\374\000f\000u\000n\000g\000s\000t\000a\000g}{section.14}% 31
\BOOKMARK [1][-]{section.15}{\376\377\000C\000h\000e\000c\000k\000l\000i\000s\000t\000e\000:\000\040\000A\000b\000i\000t\000u\000r\000-\000P\000a\000a\000r\000p\000r\000\374\000f\000u\000n\000g}{part*.3}% 32
\BOOKMARK [2][-]{subsection.15.1}{\376\377\000V\000o\000r\000a\000u\000s\000s\000e\000t\000z\000u\000n\000g\000e\000n}{section.15}% 33
\BOOKMARK [2][-]{subsection.15.2}{\376\377\000A\000u\000f\000g\000a\000b\000e\000n\000e\000r\000s\000t\000e\000l\000l\000u\000n\000g}{section.15}% 34
\BOOKMARK [2][-]{subsection.15.3}{\376\377\000O\000r\000g\000a\000n\000i\000s\000a\000t\000i\000o\000n}{section.15}% 35
\BOOKMARK [0][-]{part*.4}{\376\377\000T\000e\000i\000l\000\040\000D\000:\000\040\000R\000e\000g\000i\000e\000a\000n\000w\000e\000i\000s\000u\000n\000g\000e\000n}{}% 36
\BOOKMARK [1][-]{section.16}{\376\377\000T\000e\000i\000l\000\040\0001\000:\000\040\000I\000n\000t\000e\000r\000v\000i\000e\000w\000\040\000\050\000A\000u\000f\000w\000\344\000r\000m\000p\000h\000a\000s\000e\000\051}{part*.4}% 37
\BOOKMARK [1][-]{section.17}{\376\377\000T\000e\000i\000l\000\040\0002\000:\000\040\000M\000o\000n\000o\000l\000o\000g\000i\000s\000c\000h\000e\000s\000\040\000S\000p\000r\000e\000c\000h\000e\000n}{part*.4}% 38
\BOOKMARK [1][-]{section.18}{\376\377\000T\000e\000i\000l\000\040\0003\000:\000\040\000D\000i\000a\000l\000o\000g\000i\000s\000c\000h\000e\000s\000\040\000S\000p\000r\000e\000c\000h\000e\000n}{part*.4}% 39
\BOOKMARK [0][-]{part*.5}{\376\377\000T\000e\000i\000l\000\040\000E\000:\000\040\000F\000o\000r\000m\000u\000l\000a\000r\000e\000\040\000u\000n\000d\000\040\000V\000o\000r\000l\000a\000g\000e\000n}{}% 40
\BOOKMARK [1][-]{section.19}{\376\377\000E\000r\000g\000e\000b\000n\000i\000s\000m\000i\000t\000t\000e\000i\000l\000u\000n\000g}{part*.5}% 41
\BOOKMARK [0][-]{part*.6}{\376\377\000T\000e\000i\000l\000\040\000F\000:\000\040\000Q\000u\000e\000l\000l\000e\000n\000\040\000u\000n\000d\000\040\000R\000e\000c\000h\000t\000s\000g\000r\000u\000n\000d\000l\000a\000g\000e\000n}{}% 42
\BOOKMARK [1][-]{section.20}{\376\377\000H\000a\000n\000d\000r\000e\000i\000c\000h\000u\000n\000g\000e\000n}{part*.6}% 43
\BOOKMARK [1][-]{section.21}{\376\377\000V\000e\000r\000w\000a\000l\000t\000u\000n\000g\000s\000v\000o\000r\000s\000c\000h\000r\000i\000f\000t\000e\000n}{part*.6}% 44
\BOOKMARK [1][-]{section.22}{\376\377\000A\000P\000V\000O\000\040\000M\000-\000V\000\040\000\050\000A\000b\000i\000t\000u\000r\000p\000r\000\374\000f\000u\000n\000g\000s\000v\000e\000r\000o\000r\000d\000n\000u\000n\000g\000\051}{part*.6}% 45
\BOOKMARK [1][-]{section.23}{\376\377\000D\000o\000w\000n\000l\000o\000a\000d\000-\000Q\000u\000e\000l\000l\000e\000n}{part*.6}% 46
