\BOOKMARK [1][-]{Doc-Start}{\376\377\000T\000E\000I\000L\000\040\0001\000:\000\040\000G\000R\000U\000N\000D\000L\000A\000G\000E\000N}{}% 1
\BOOKMARK [2][-]{subsection.0.1}{\376\377\000R\000e\000c\000h\000t\000l\000i\000c\000h\000e\000r\000\040\000R\000a\000h\000m\000e\000n\000\040\000u\000n\000d\000\040\000D\000e\000f\000i\000n\000i\000t\000i\000o\000n}{Doc-Start}% 2
\BOOKMARK [3][-]{subsubsection.0.1.1}{\376\377\000W\000a\000s\000\040\000b\000e\000d\000e\000u\000t\000e\000t\000\040\000`\000`\000n\000e\000u\000\040\000b\000e\000g\000o\000n\000n\000e\000n\000e\000\040\000F\000r\000e\000m\000d\000s\000p\000r\000a\000c\000h\000e\000'\000'\000?}{subsection.0.1}% 3
\BOOKMARK [3][-]{subsubsection.0.1.2}{\376\377\000D\000i\000e\000\040\000m\000a\000\337\000g\000e\000b\000l\000i\000c\000h\000e\000n\000\040\000R\000e\000c\000h\000t\000s\000q\000u\000e\000l\000l\000e\000n}{subsection.0.1}% 4
\BOOKMARK [3][-]{subsubsection.0.1.3}{\376\377\000N\000e\000u\000\040\000b\000e\000g\000o\000n\000n\000e\000n\000e\000\040\000F\000r\000e\000m\000d\000s\000p\000r\000a\000c\000h\000e\000\040\000=\000\040\000e\000i\000g\000e\000n\000e\000\040\000K\000a\000t\000e\000g\000o\000r\000i\000e}{subsection.0.1}% 5
\BOOKMARK [2][-]{subsection.0.2}{\376\377\000G\000e\000m\000e\000i\000n\000s\000a\000m\000e\000r\000\040\000E\000u\000r\000o\000p\000\344\000i\000s\000c\000h\000e\000r\000\040\000R\000e\000f\000e\000r\000e\000n\000z\000r\000a\000h\000m\000e\000n\000:\000\040\000D\000i\000e\000\040\000P\000r\000o\000g\000r\000e\000s\000s\000i\000o\000n}{Doc-Start}% 6
\BOOKMARK [3][-]{subsubsection.0.2.1}{\376\377\000Z\000i\000e\000l\000n\000i\000v\000e\000a\000u\000s\000\040\000f\000\374\000r\000\040\000S\000p\000\344\000t\000b\000e\000g\000i\000n\000n\000e\000r}{subsection.0.2}% 7
\BOOKMARK [3][-]{subsubsection.0.2.2}{\376\377\000V\000e\000r\000g\000l\000e\000i\000c\000h\000\040\000m\000i\000t\000\040\000f\000o\000r\000t\000g\000e\000f\000\374\000h\000r\000t\000e\000r\000\040\000F\000r\000e\000m\000d\000s\000p\000r\000a\000c\000h\000e}{subsection.0.2}% 8
\BOOKMARK [2][-]{subsection.0.3}{\376\377\000D\000i\000e\000\040\000v\000i\000e\000r\000\040\000v\000e\000r\000b\000i\000n\000d\000l\000i\000c\000h\000e\000n\000\040\000T\000h\000e\000m\000e\000n\000f\000e\000l\000d\000e\000r}{Doc-Start}% 9
\BOOKMARK [1][-]{subsection.0.3}{\376\377\000T\000E\000I\000L\000\040\0002\000:\000\040\000R\000E\000G\000U\000L\000\304\000R\000E\000R\000\040\000U\000N\000T\000E\000R\000R\000I\000C\000H\000T\000\040\000N\000A\000C\000H\000\040\000K\000L\000A\000S\000S\000E\000N\000S\000T\000U\000F\000E}{}% 10
\BOOKMARK [2][-]{subsection.0.4}{\376\377\000K\000l\000a\000s\000s\000e\000\040\0001\0000\000\040\000\050\000E\000i\000n\000f\000\374\000h\000r\000u\000n\000g\000s\000p\000h\000a\000s\000e\000\051}{subsection.0.3}% 11
\BOOKMARK [3][-]{subsubsection.0.4.1}{\376\377\000\334\000b\000e\000r\000b\000l\000i\000c\000k}{subsection.0.4}% 12
\BOOKMARK [3][-]{subsubsection.0.4.2}{\376\377\000T\000h\000e\000m\000a\000t\000i\000s\000c\000h\000e\000\040\000I\000n\000h\000a\000l\000t\000e\000\040\000\050\000H\000a\000l\000b\000j\000a\000h\000r\000e\000s\000p\000l\000a\000n\000u\000n\000g\000\051}{subsection.0.4}% 13
\BOOKMARK [3][-]{subsubsection.0.4.3}{\376\377\000G\000r\000a\000m\000m\000a\000t\000i\000k\000\040\000\050\000J\000a\000h\000r\000\040\0001\000\051}{subsection.0.4}% 14
\BOOKMARK [3][-]{subsubsection.0.4.4}{\376\377\000K\000l\000a\000u\000s\000u\000r\000e\000n\000\040\000i\000n\000\040\000K\000l\000a\000s\000s\000e\000\040\0001\0000}{subsection.0.4}% 15
\BOOKMARK [3][-]{subsubsection.0.4.5}{\376\377\000L\000e\000h\000r\000w\000e\000r\000k\000-\000N\000u\000t\000z\000u\000n\000g\000:\000\040\000A\000\137\000t\000o\000p\000e\000.\000c\000o\000m\000\040\000i\000n\000\040\000K\000l\000a\000s\000s\000e\000\040\0001\0000}{subsection.0.4}% 16
\BOOKMARK [2][-]{subsection.0.5}{\376\377\000K\000l\000a\000s\000s\000e\000\040\0001\0001\000\040\000\050\000Q\000u\000a\000l\000i\000f\000i\000k\000a\000t\000i\000o\000n\000s\000p\000h\000a\000s\000e\000\040\0001\000\051}{subsection.0.3}% 17
\BOOKMARK [3][-]{subsubsection.0.5.1}{\376\377\000\334\000b\000e\000r\000b\000l\000i\000c\000k}{subsection.0.5}% 18
\BOOKMARK [3][-]{subsubsection.0.5.2}{\376\377\000T\000h\000e\000m\000a\000t\000i\000s\000c\000h\000e\000\040\000I\000n\000h\000a\000l\000t\000e\000\040\000\050\000H\000a\000l\000b\000j\000a\000h\000r\000e\000s\000p\000l\000a\000n\000u\000n\000g\000\051}{subsection.0.5}% 19
\BOOKMARK [3][-]{subsubsection.0.5.3}{\376\377\000G\000r\000a\000m\000m\000a\000t\000i\000k\000\040\000\050\000J\000a\000h\000r\000\040\0002\000\051}{subsection.0.5}% 20
\BOOKMARK [3][-]{subsubsection.0.5.4}{\376\377\000K\000l\000a\000u\000s\000u\000r\000e\000n\000\040\000i\000n\000\040\000K\000l\000a\000s\000s\000e\000\040\0001\0001}{subsection.0.5}% 21
\BOOKMARK [3][-]{subsubsection.0.5.5}{\376\377\000L\000e\000h\000r\000w\000e\000r\000k\000-\000N\000u\000t\000z\000u\000n\000g\000:\000\040\000A\000\137\000t\000o\000p\000e\000.\000c\000o\000m\000\040\000i\000n\000\040\000K\000l\000a\000s\000s\000e\000\040\0001\0001}{subsection.0.5}% 22
\BOOKMARK [2][-]{subsection.0.6}{\376\377\000K\000l\000a\000s\000s\000e\000\040\0001\0002\000\040\000\050\000Q\000u\000a\000l\000i\000f\000i\000k\000a\000t\000i\000o\000n\000s\000p\000h\000a\000s\000e\000\040\0002\000\040\000u\000n\000d\000\040\000A\000b\000i\000t\000u\000r\000-\000V\000o\000r\000b\000e\000r\000e\000i\000t\000u\000n\000g\000\051}{subsection.0.3}% 23
\BOOKMARK [3][-]{subsubsection.0.6.1}{\376\377\000\334\000b\000e\000r\000b\000l\000i\000c\000k}{subsection.0.6}% 24
\BOOKMARK [3][-]{subsubsection.0.6.2}{\376\377\000T\000h\000e\000m\000a\000t\000i\000s\000c\000h\000e\000\040\000I\000n\000h\000a\000l\000t\000e\000\040\000\050\000H\000a\000l\000b\000j\000a\000h\000r\000e\000s\000p\000l\000a\000n\000u\000n\000g\000\051}{subsection.0.6}% 25
\BOOKMARK [3][-]{subsubsection.0.6.3}{\376\377\000G\000r\000a\000m\000m\000a\000t\000i\000k\000\040\000\050\000J\000a\000h\000r\000\040\0003\000\051}{subsection.0.6}% 26
\BOOKMARK [3][-]{subsubsection.0.6.4}{\376\377\000K\000l\000a\000u\000s\000u\000r\000e\000n\000\040\000i\000n\000\040\000K\000l\000a\000s\000s\000e\000\040\0001\0002}{subsection.0.6}% 27
\BOOKMARK [3][-]{subsubsection.0.6.5}{\376\377\000L\000e\000h\000r\000w\000e\000r\000k\000-\000N\000u\000t\000z\000u\000n\000g\000:\000\040\000A\000\137\000t\000o\000p\000e\000.\000c\000o\000m\000\040\000i\000n\000\040\000K\000l\000a\000s\000s\000e\000\040\0001\0002}{subsection.0.6}% 28
\BOOKMARK [3][-]{subsubsection.0.6.6}{\376\377\000E\000r\000f\000o\000r\000d\000e\000r\000l\000i\000c\000h\000e\000\040\000E\000r\000g\000\344\000n\000z\000u\000n\000g\000e\000n\000\040\000f\000\374\000r\000\040\000K\000l\000a\000s\000s\000e\000\040\0001\0002}{subsection.0.6}% 29
\BOOKMARK [1][-]{subsubsection.0.6.6}{\376\377\000T\000E\000I\000L\000\040\0003\000:\000\040\000P\000R\000\334\000F\000U\000N\000G\000S\000F\000O\000R\000M\000A\000T\000E}{}% 30
\BOOKMARK [2][-]{subsection.0.7}{\376\377\000K\000l\000a\000u\000s\000u\000r\000e\000n\000\040\000i\000n\000\040\000d\000e\000r\000\040\000O\000b\000e\000r\000s\000t\000u\000f\000e}{subsubsection.0.6.6}% 31
\BOOKMARK [3][-]{subsubsection.0.7.1}{\376\377\000A\000n\000z\000a\000h\000l\000\040\000u\000n\000d\000\040\000D\000a\000u\000e\000r}{subsection.0.7}% 32
\BOOKMARK [3][-]{subsubsection.0.7.2}{\376\377\000E\000r\000s\000e\000t\000z\000u\000n\000g\000\040\000d\000u\000r\000c\000h\000\040\000S\000p\000r\000e\000c\000h\000p\000r\000\374\000f\000u\000n\000g}{subsection.0.7}% 33
\BOOKMARK [2][-]{subsection.0.8}{\376\377\000S\000p\000r\000e\000c\000h\000p\000r\000\374\000f\000u\000n\000g\000\040\000\050\000v\000e\000r\000b\000i\000n\000d\000l\000i\000c\000h\000\051}{subsubsection.0.6.6}% 34
\BOOKMARK [3][-]{subsubsection.0.8.1}{\376\377\000F\000o\000r\000m\000a\000t\000:\000\040\000D\000r\000e\000i\000\040\000T\000e\000i\000l\000e}{subsection.0.8}% 35
\BOOKMARK [3][-]{subsubsection.0.8.2}{\376\377\000B\000e\000w\000e\000r\000t\000u\000n\000g}{subsection.0.8}% 36
\BOOKMARK [3][-]{subsubsection.0.8.3}{\376\377\000B\000e\000w\000e\000r\000t\000u\000n\000g\000s\000b\000\366\000g\000e\000n\000\040\000n\000a\000c\000h\000\040\000N\000i\000v\000e\000a\000u}{subsection.0.8}% 37
\BOOKMARK [3][-]{subsubsection.0.8.4}{\376\377\000K\000o\000m\000b\000i\000n\000a\000t\000i\000o\000n\000\040\000S\000p\000r\000e\000c\000h\000e\000n\000\040\000+\000\040\000H\000\366\000r\000v\000e\000r\000s\000t\000e\000h\000e\000n}{subsection.0.8}% 38
\BOOKMARK [3][-]{subsubsection.0.8.5}{\376\377\000T\000i\000m\000i\000n\000g\000-\000E\000m\000p\000f\000e\000h\000l\000u\000n\000g}{subsection.0.8}% 39
\BOOKMARK [1][-]{subsubsection.0.8.5}{\376\377\000A\000N\000H\000A\000N\000G\000\040\000A\000:\000\040\000A\000B\000I\000T\000U\000R\000P\000R\000\334\000F\000U\000N\000G}{}% 40
\BOOKMARK [2][-]{subsection.0.9}{\376\377\000A\0001\000.\000\040\000S\000c\000h\000r\000i\000f\000t\000l\000i\000c\000h\000e\000s\000\040\000A\000b\000i\000t\000u\000r}{subsubsection.0.8.5}% 41
\BOOKMARK [3][-]{subsubsection.0.9.1}{\376\377\000R\000a\000h\000m\000e\000n\000d\000a\000t\000e\000n}{subsection.0.9}% 42
\BOOKMARK [3][-]{subsubsection.0.9.2}{\376\377\000A\000n\000f\000o\000r\000d\000e\000r\000u\000n\000g\000s\000b\000e\000r\000e\000i\000c\000h\000e\000\040\000\050\000S\000p\000\344\000t\000b\000e\000g\000i\000n\000n\000e\000r\000\051}{subsection.0.9}% 43
\BOOKMARK [2][-]{subsection.0.10}{\376\377\000A\0002\000.\000\040\000M\000\374\000n\000d\000l\000i\000c\000h\000e\000\040\000A\000b\000i\000t\000u\000r\000p\000r\000\374\000f\000u\000n\000g\000\040\000\050\000P\000a\000a\000r\000p\000r\000\374\000f\000u\000n\000g\000\051}{subsubsection.0.8.5}% 44
\BOOKMARK [3][-]{subsubsection.0.10.1}{\376\377\000R\000e\000c\000h\000t\000l\000i\000c\000h\000e\000\040\000G\000r\000u\000n\000d\000l\000a\000g\000e}{subsection.0.10}% 45
\BOOKMARK [3][-]{subsubsection.0.10.2}{\376\377\000A\000n\000w\000e\000n\000d\000u\000n\000g\000s\000f\000\344\000l\000l\000e}{subsection.0.10}% 46
\BOOKMARK [3][-]{subsubsection.0.10.3}{\376\377\000F\000o\000r\000m\000a\000t\000\040\000d\000e\000r\000\040\000P\000a\000a\000r\000p\000r\000\374\000f\000u\000n\000g}{subsection.0.10}% 47
\BOOKMARK [3][-]{subsubsection.0.10.4}{\376\377\000B\000e\000w\000e\000r\000t\000u\000n\000g}{subsection.0.10}% 48
\BOOKMARK [2][-]{subsection.0.11}{\376\377\000A\0003\000.\000\040\000Z\000u\000s\000a\000m\000m\000e\000n\000f\000a\000s\000s\000u\000n\000g\000:\000\040\000P\000r\000\374\000f\000u\000n\000g\000e\000n\000\040\000f\000\374\000r\000\040\000S\000p\000\344\000t\000b\000e\000g\000i\000n\000n\000e\000r}{subsubsection.0.8.5}% 49
\BOOKMARK [1][-]{subsection.0.11}{\376\377\000A\000N\000H\000A\000N\000G\000\040\000B\000:\000\040\000L\000E\000H\000R\000W\000E\000R\000K\000\040\000A\000\137\000T\000O\000P\000E\000.\000C\000O\000M}{}% 50
\BOOKMARK [2][-]{subsection.0.12}{\376\377\000B\0001\000.\000\040\000\334\000b\000e\000r\000s\000i\000c\000h\000t\000\040\000u\000n\000d\000\040\000M\000e\000t\000a\000d\000a\000t\000e\000n}{subsection.0.11}% 51
\BOOKMARK [2][-]{subsection.0.13}{\376\377\000B\0002\000.\000\040\000S\000e\000i\000t\000e\000n\000\374\000b\000e\000r\000s\000i\000c\000h\000t\000\040\000n\000a\000c\000h\000\040\000T\000h\000e\000m\000e\000n}{subsection.0.11}% 52
\BOOKMARK [3][-]{subsubsection.0.13.1}{\376\377\000U\000n\000i\000d\000a\000d\000e\000s\000\040\000\050\000H\000a\000u\000p\000t\000e\000i\000n\000h\000e\000i\000t\000e\000n\000\051}{subsection.0.13}% 53
\BOOKMARK [3][-]{subsubsection.0.13.2}{\376\377\000M\000o\000d\000u\000l\000e\000\040\000\050\000f\000a\000k\000u\000l\000t\000a\000t\000i\000v\000\051}{subsection.0.13}% 54
\BOOKMARK [2][-]{subsection.0.14}{\376\377\000B\0003\000.\000\040\000D\000e\000c\000k\000u\000n\000g\000s\000m\000a\000t\000r\000i\000x\000:\000\040\000R\000a\000h\000m\000e\000n\000p\000l\000a\000n\000\040\000v\000s\000.\000\040\000L\000e\000h\000r\000w\000e\000r\000k}{subsection.0.11}% 55
\BOOKMARK [3][-]{subsubsection.0.14.1}{\376\377\000D\000e\000t\000a\000i\000l\000a\000n\000a\000l\000y\000s\000e\000\040\000T\000h\000e\000m\000e\000n\000f\000e\000l\000d\000\040\0003}{subsection.0.14}% 56
\BOOKMARK [3][-]{subsubsection.0.14.2}{\376\377\000D\000e\000t\000a\000i\000l\000a\000n\000a\000l\000y\000s\000e\000\040\000T\000h\000e\000m\000e\000n\000f\000e\000l\000d\000\040\0004}{subsection.0.14}% 57
\BOOKMARK [2][-]{subsection.0.15}{\376\377\000B\0004\000.\000\040\000E\000r\000f\000o\000r\000d\000e\000r\000l\000i\000c\000h\000e\000\040\000E\000r\000g\000\344\000n\000z\000u\000n\000g\000e\000n}{subsection.0.11}% 58
\BOOKMARK [3][-]{subsubsection.0.15.1}{\376\377\000N\000a\000c\000h\000\040\000L\000e\000r\000n\000j\000a\000h\000r}{subsection.0.15}% 59
\BOOKMARK [3][-]{subsubsection.0.15.2}{\376\377\000K\000o\000n\000k\000r\000e\000t\000e\000\040\000E\000r\000g\000\344\000n\000z\000u\000n\000g\000e\000n\000\040\000f\000\374\000r\000\040\000J\000a\000h\000r\000\040\0003}{subsection.0.15}% 60
\BOOKMARK [2][-]{subsection.0.16}{\376\377\000B\0005\000.\000\040\000L\000i\000t\000e\000r\000a\000t\000u\000r\000e\000m\000p\000f\000e\000h\000l\000u\000n\000g\000e\000n\000\040\000f\000\374\000r\000\040\000S\000p\000\344\000t\000b\000e\000g\000i\000n\000n\000e\000r}{subsection.0.11}% 61
\BOOKMARK [3][-]{subsubsection.0.16.1}{\376\377\000K\000r\000i\000t\000e\000r\000i\000e\000n\000\040\000f\000\374\000r\000\040\000g\000e\000e\000i\000g\000n\000e\000t\000e\000\040\000L\000i\000t\000e\000r\000a\000t\000u\000r}{subsection.0.16}% 62
\BOOKMARK [3][-]{subsubsection.0.16.2}{\376\377\000E\000m\000p\000f\000o\000h\000l\000e\000n\000e\000\040\000L\000e\000k\000t\000\374\000r\000e\000n}{subsection.0.16}% 63
\BOOKMARK [1][-]{subsubsection.0.16.2}{\376\377\000A\000N\000H\000A\000N\000G\000\040\000C\000:\000\040\000P\000R\000A\000K\000T\000I\000S\000C\000H\000E\000\040\000H\000I\000N\000W\000E\000I\000S\000E}{}% 64
\BOOKMARK [2][-]{subsection.0.17}{\376\377\000C\0001\000.\000\040\000J\000a\000h\000r\000g\000a\000n\000g\000s\000\374\000b\000e\000r\000g\000r\000e\000i\000f\000e\000n\000d\000e\000\040\000K\000u\000r\000s\000e}{subsubsection.0.16.2}% 65
\BOOKMARK [3][-]{subsubsection.0.17.1}{\376\377\000S\000i\000t\000u\000a\000t\000i\000o\000n\000\040\000a\000n\000\040\000k\000l\000e\000i\000n\000e\000r\000e\000n\000\040\000S\000c\000h\000u\000l\000e\000n}{subsection.0.17}% 66
\BOOKMARK [3][-]{subsubsection.0.17.2}{\376\377\000I\000s\000t\000\040\000d\000a\000s\000\040\000z\000u\000l\000\344\000s\000s\000i\000g\000?}{subsection.0.17}% 67
\BOOKMARK [3][-]{subsubsection.0.17.3}{\376\377\000P\000r\000\374\000f\000u\000n\000g\000s\000g\000e\000s\000t\000a\000l\000t\000u\000n\000g\000\040\000b\000e\000i\000\040\000g\000e\000m\000i\000s\000c\000h\000t\000e\000n\000\040\000K\000u\000r\000s\000e\000n}{subsection.0.17}% 68
\BOOKMARK [3][-]{subsubsection.0.17.4}{\376\377\000P\000r\000a\000k\000t\000i\000s\000c\000h\000e\000\040\000T\000i\000p\000p\000s}{subsection.0.17}% 69
\BOOKMARK [2][-]{subsection.0.18}{\376\377\000C\0002\000.\000\040\000K\000u\000r\000s\000z\000u\000s\000a\000m\000m\000e\000n\000s\000e\000t\000z\000u\000n\000g\000\040\000\050\000k\000o\000n\000k\000r\000e\000t\000e\000s\000\040\000B\000e\000i\000s\000p\000i\000e\000l\000\051}{subsubsection.0.16.2}% 70
\BOOKMARK [3][-]{subsubsection.0.18.1}{\376\377\000K\000o\000n\000s\000e\000q\000u\000e\000n\000z\000e\000n\000\040\000f\000\374\000r\000\040\000d\000i\000e\000\040\000U\000n\000t\000e\000r\000r\000i\000c\000h\000t\000s\000p\000l\000a\000n\000u\000n\000g}{subsection.0.18}% 71
\BOOKMARK [2][-]{subsection.0.19}{\376\377\000C\0003\000.\000\040\000W\000a\000s\000\040\000i\000s\000t\000\040\000v\000e\000r\000b\000i\000n\000d\000l\000i\000c\000h\000,\000\040\000w\000a\000s\000\040\000i\000s\000t\000\040\000e\000r\000l\000a\000u\000b\000t\000?}{subsubsection.0.16.2}% 72
\BOOKMARK [1][-]{subsection.0.19}{\376\377\000G\000L\000O\000S\000S\000A\000R}{}% 73
\BOOKMARK [1][-]{subsection.0.19}{\376\377\000Q\000U\000E\000L\000L\000E\000N\000V\000E\000R\000Z\000E\000I\000C\000H\000N\000I\000S}{}% 74
