\BOOKMARK [1][-]{section.1}{\376\377\000R\000e\000c\000h\000t\000l\000i\000c\000h\000e\000r\000\040\000R\000a\000h\000m\000e\000n\000\040\000u\000n\000d\000\040\000D\000e\000f\000i\000n\000i\000t\000i\000o\000n}{}% 1
\BOOKMARK [2][-]{subsection.1.1}{\376\377\000W\000a\000s\000\040\000b\000e\000d\000e\000u\000t\000e\000t\000\040\000`\000`\000S\000p\000\344\000t\000b\000e\000g\000i\000n\000n\000e\000r\000'\000'\000?}{section.1}% 2
\BOOKMARK [2][-]{subsection.1.2}{\376\377\000D\000i\000e\000\040\000m\000a\000\337\000g\000e\000b\000l\000i\000c\000h\000e\000n\000\040\000R\000e\000c\000h\000t\000s\000q\000u\000e\000l\000l\000e\000n}{section.1}% 3
\BOOKMARK [2][-]{subsection.1.3}{\376\377\000S\000p\000\344\000t\000b\000e\000g\000i\000n\000n\000e\000r\000\040\000=\000\040\000E\000i\000g\000e\000n\000e\000\040\000K\000a\000t\000e\000g\000o\000r\000i\000e}{section.1}% 4
\BOOKMARK [1][-]{section.2}{\376\377\000G\000E\000R\000-\000P\000r\000o\000g\000r\000e\000s\000s\000i\000o\000n\000\040\000u\000n\000d\000\040\000S\000t\000u\000n\000d\000e\000n\000t\000a\000f\000e\000l}{}% 5
\BOOKMARK [2][-]{subsection.2.1}{\376\377\000Z\000i\000e\000l\000n\000i\000v\000e\000a\000u\000s\000\040\000n\000a\000c\000h\000\040\000K\000l\000a\000s\000s\000e\000n\000s\000t\000u\000f\000e}{section.2}% 6
\BOOKMARK [2][-]{subsection.2.2}{\376\377\000V\000e\000r\000g\000l\000e\000i\000c\000h\000:\000\040\000S\000p\000\344\000t\000b\000e\000g\000i\000n\000n\000e\000r\000\040\000v\000s\000.\000\040\000F\000o\000r\000t\000g\000e\000f\000\374\000h\000r\000t\000e\000\040\000F\000r\000e\000m\000d\000s\000p\000r\000a\000c\000h\000e}{section.2}% 7
\BOOKMARK [1][-]{section.3}{\376\377\000K\000l\000a\000s\000s\000e\000\040\0001\0000\000\040\000\050\000E\000i\000n\000f\000\374\000h\000r\000u\000n\000g\000s\000p\000h\000a\000s\000e\000\051}{}% 8
\BOOKMARK [2][-]{subsection.3.1}{\376\377\000\334\000b\000e\000r\000b\000l\000i\000c\000k}{section.3}% 9
\BOOKMARK [2][-]{subsection.3.2}{\376\377\000H\000a\000l\000b\000j\000a\000h\000r\000e\000s\000p\000l\000a\000n\000u\000n\000g}{section.3}% 10
\BOOKMARK [3][-]{subsubsection.3.2.1}{\376\377\000H\000a\000l\000b\000j\000a\000h\000r\000\040\0001\0000\000.\0001\000\040\000\050\000A\000u\000g\000u\000s\000t\040\023\000J\000a\000n\000u\000a\000r\000\051}{subsection.3.2}% 11
\BOOKMARK [3][-]{subsubsection.3.2.2}{\376\377\000H\000a\000l\000b\000j\000a\000h\000r\000\040\0001\0000\000.\0002\000\040\000\050\000F\000e\000b\000r\000u\000a\000r\040\023\000J\000u\000l\000i\000\051}{subsection.3.2}% 12
\BOOKMARK [2][-]{subsection.3.3}{\376\377\000G\000r\000a\000m\000m\000a\000t\000i\000k\000\040\000K\000l\000a\000s\000s\000e\000\040\0001\0000}{section.3}% 13
\BOOKMARK [1][-]{section.4}{\376\377\000K\000l\000a\000s\000s\000e\000\040\0001\0001\000\040\000\050\000Q\000u\000a\000l\000i\000f\000i\000k\000a\000t\000i\000o\000n\000s\000p\000h\000a\000s\000e\000\040\0001\000\051}{}% 14
\BOOKMARK [2][-]{subsection.4.1}{\376\377\000\334\000b\000e\000r\000b\000l\000i\000c\000k}{section.4}% 15
\BOOKMARK [2][-]{subsection.4.2}{\376\377\000H\000a\000l\000b\000j\000a\000h\000r\000e\000s\000p\000l\000a\000n\000u\000n\000g}{section.4}% 16
\BOOKMARK [3][-]{subsubsection.4.2.1}{\376\377\000H\000a\000l\000b\000j\000a\000h\000r\000\040\0001\0001\000.\0001\000:\000\040\000T\000h\000e\000m\000e\000n\000f\000e\000l\000d\000\040\0001\000\040\040\023\000\040\000E\000l\000\040\000i\000n\000d\000i\000v\000i\000d\000u\000o\000\040\000y\000\040\000l\000a\000\040\000s\000o\000c\000i\000e\000d\000a\000d}{subsection.4.2}% 17
\BOOKMARK [3][-]{subsubsection.4.2.2}{\376\377\000H\000a\000l\000b\000j\000a\000h\000r\000\040\0001\0001\000.\0002\000:\000\040\000T\000h\000e\000m\000e\000n\000f\000e\000l\000d\000\040\0002\000\040\040\023\000\040\000L\000a\000\040\000i\000d\000e\000n\000t\000i\000d\000a\000d\000\040\000n\000a\000c\000i\000o\000n\000a\000l}{subsection.4.2}% 18
\BOOKMARK [2][-]{subsection.4.3}{\376\377\000G\000r\000a\000m\000m\000a\000t\000i\000k\000\040\000K\000l\000a\000s\000s\000e\000\040\0001\0001}{section.4}% 19
\BOOKMARK [1][-]{section.5}{\376\377\000K\000l\000a\000s\000s\000e\000\040\0001\0002\000\040\000\050\000Q\000u\000a\000l\000i\000f\000i\000k\000a\000t\000i\000o\000n\000s\000p\000h\000a\000s\000e\000\040\0002\000\040\000u\000n\000d\000\040\000A\000b\000i\000t\000u\000r\000\051}{}% 20
\BOOKMARK [2][-]{subsection.5.1}{\376\377\000\334\000b\000e\000r\000b\000l\000i\000c\000k}{section.5}% 21
\BOOKMARK [2][-]{subsection.5.2}{\376\377\000H\000a\000l\000b\000j\000a\000h\000r\000e\000s\000p\000l\000a\000n\000u\000n\000g}{section.5}% 22
\BOOKMARK [3][-]{subsubsection.5.2.1}{\376\377\000H\000a\000l\000b\000j\000a\000h\000r\000\040\0001\0002\000.\0001\000:\000\040\000T\000h\000e\000m\000e\000n\000f\000e\000l\000d\000\040\0003\000\040\040\023\000\040\000A\000s\000p\000e\000c\000t\000o\000s\000\040\000a\000c\000t\000u\000a\000l\000e\000s\000\040\000d\000e\000\040\000l\000a\000\040\000p\000o\000l\000\355\000t\000i\000c\000a\000\040\000y\000\040\000l\000a\000\040\000s\000o\000c\000i\000e\000d\000a\000d}{subsection.5.2}% 23
\BOOKMARK [3][-]{subsubsection.5.2.2}{\376\377\000H\000a\000l\000b\000j\000a\000h\000r\000\040\0001\0002\000.\0002\000:\000\040\000T\000h\000e\000m\000e\000n\000f\000e\000l\000d\000\040\0004\000\040\040\023\000\040\000D\000e\000s\000a\000f\000\355\000o\000s\000\040\000m\000o\000d\000e\000r\000n\000o\000s\000\040\000+\000\040\000A\000b\000i\000t\000u\000r}{subsection.5.2}% 24
\BOOKMARK [2][-]{subsection.5.3}{\376\377\000E\000r\000f\000o\000r\000d\000e\000r\000l\000i\000c\000h\000e\000\040\000E\000r\000g\000\344\000n\000z\000u\000n\000g\000e\000n\000\040\000f\000\374\000r\000\040\000K\000l\000a\000s\000s\000e\000\040\0001\0002}{section.5}% 25
\BOOKMARK [1][-]{section.6}{\376\377\000D\000i\000e\000\040\000v\000i\000e\000r\000\040\000v\000e\000r\000b\000i\000n\000d\000l\000i\000c\000h\000e\000n\000\040\000T\000h\000e\000m\000e\000n\000f\000e\000l\000d\000e\000r}{}% 26
\BOOKMARK [2][-]{subsection.6.1}{\376\377\000V\000e\000r\000b\000i\000n\000d\000l\000i\000c\000h\000\040\000v\000s\000.\000\040\000E\000m\000p\000f\000o\000h\000l\000e\000n}{section.6}% 27
\BOOKMARK [1][-]{section.7}{\376\377\000P\000r\000\374\000f\000u\000n\000g\000s\000f\000o\000r\000m\000a\000t\000e}{}% 28
\BOOKMARK [2][-]{subsection.7.1}{\376\377\000K\000l\000a\000u\000s\000u\000r\000e\000n}{section.7}% 29
\BOOKMARK [2][-]{subsection.7.2}{\376\377\000S\000p\000r\000e\000c\000h\000p\000r\000\374\000f\000u\000n\000g\000\040\000\050\000K\000o\000m\000p\000l\000e\000x\000e\000\040\000L\000e\000i\000s\000t\000u\000n\000g\000s\000e\000r\000m\000i\000t\000t\000l\000u\000n\000g\000\040\000S\000p\000r\000e\000c\000h\000e\000n\000\051}{section.7}% 30
\BOOKMARK [3][-]{subsubsection.7.2.1}{\376\377\000R\000e\000c\000h\000t\000l\000i\000c\000h\000e\000\040\000G\000r\000u\000n\000d\000l\000a\000g\000e}{subsection.7.2}% 31
\BOOKMARK [3][-]{subsubsection.7.2.2}{\376\377\000F\000o\000r\000m\000a\000t\000:\000\040\000D\000r\000e\000i\000\040\000T\000e\000i\000l\000e\000\040\000\050\000T\000a\000n\000d\000e\000m\000-\000P\000r\000\374\000f\000u\000n\000g\000\051}{subsection.7.2}% 32
\BOOKMARK [3][-]{subsubsection.7.2.3}{\376\377\000B\000e\000w\000e\000r\000t\000u\000n\000g}{subsection.7.2}% 33
\BOOKMARK [3][-]{subsubsection.7.2.4}{\376\377\000B\000e\000w\000e\000r\000t\000u\000n\000g\000s\000b\000\366\000g\000e\000n\000\040\000n\000a\000c\000h\000\040\000N\000i\000v\000e\000a\000u\000\040\000\050\000f\000\374\000r\000\040\000S\000p\000\344\000t\000b\000e\000g\000i\000n\000n\000e\000r\000\051}{subsection.7.2}% 34
\BOOKMARK [2][-]{subsection.7.3}{\376\377\000A\000b\000i\000t\000u\000r\000p\000r\000\374\000f\000u\000n\000g}{section.7}% 35
\BOOKMARK [3][-]{subsubsection.7.3.1}{\376\377\000S\000c\000h\000r\000i\000f\000t\000l\000i\000c\000h\000e\000s\000\040\000A\000b\000i\000t\000u\000r}{subsection.7.3}% 36
\BOOKMARK [3][-]{subsubsection.7.3.2}{\376\377\000A\000n\000f\000o\000r\000d\000e\000r\000u\000n\000g\000s\000b\000e\000r\000e\000i\000c\000h\000e\000\040\000\050\000S\000p\000\344\000t\000b\000e\000g\000i\000n\000n\000e\000r\000\040\000v\000s\000.\000\040\000F\000o\000r\000t\000g\000e\000f\000\374\000h\000r\000t\000\051}{subsection.7.3}% 37
\BOOKMARK [3][-]{subsubsection.7.3.3}{\376\377\000M\000\374\000n\000d\000l\000i\000c\000h\000e\000\040\000A\000b\000i\000t\000u\000r\000p\000r\000\374\000f\000u\000n\000g\000\040\000\050\000P\000a\000a\000r\000p\000r\000\374\000f\000u\000n\000g\000\051}{subsection.7.3}% 38
\BOOKMARK [1][-]{section.8}{\376\377\000Z\000u\000s\000a\000m\000m\000e\000n\000f\000a\000s\000s\000u\000n\000g\000:\000\040\000P\000r\000\374\000f\000u\000n\000g\000e\000n\000\040\000f\000\374\000r\000\040\000S\000p\000\344\000t\000b\000e\000g\000i\000n\000n\000e\000r}{}% 39
\BOOKMARK [1][-]{section.9}{\376\377\000W\000a\000s\000\040\000i\000s\000t\000\040\000v\000e\000r\000b\000i\000n\000d\000l\000i\000c\000h\000,\000\040\000w\000a\000s\000\040\000i\000s\000t\000\040\000e\000r\000l\000a\000u\000b\000t\000?}{}% 40
\BOOKMARK [1][-]{section.10}{\376\377\000P\000r\000a\000k\000t\000i\000s\000c\000h\000e\000\040\000H\000a\000n\000d\000l\000u\000n\000g\000s\000e\000m\000p\000f\000e\000h\000l\000u\000n\000g\000e\000n}{}% 41
\BOOKMARK [2][-]{subsection.10.1}{\376\377\000J\000a\000h\000r\000g\000a\000n\000g\000s\000\374\000b\000e\000r\000g\000r\000e\000i\000f\000e\000n\000d\000e\000\040\000K\000u\000r\000s\000e}{section.10}% 42
\BOOKMARK [2][-]{subsection.10.2}{\376\377\000E\000m\000p\000f\000o\000h\000l\000e\000n\000e\000\040\000Z\000e\000i\000t\000l\000e\000i\000s\000t\000e\000\040\000f\000\374\000r\000\040\000S\000p\000r\000e\000c\000h\000p\000r\000\374\000f\000u\000n\000g}{section.10}% 43
\BOOKMARK [2][-]{subsection.10.3}{\376\377\000C\000h\000e\000c\000k\000l\000i\000s\000t\000e\000:\000\040\000M\000a\000t\000e\000r\000i\000a\000l\000p\000l\000a\000n\000u\000n\000g\000\040\000K\000l\000a\000s\000s\000e\000\040\0001\0002}{section.10}% 44
\BOOKMARK [2][-]{subsection.10.4}{\376\377\000T\000o\000p\000-\0005\000\040\000E\000m\000p\000f\000e\000h\000l\000u\000n\000g\000e\000n}{section.10}% 45
